SF:lib/data/shared_prefs_contacts_repository.dart
DA:13,2
DA:15,2
DA:16,2
DA:19,6
DA:23,4
DA:24,2
DA:26,2
DA:27,6
DA:28,4
DA:29,4
DA:30,4
DA:32,2
DA:37,2
DA:39,2
DA:40,2
DA:41,2
DA:42,10
DA:43,2
DA:45,2
DA:46,2
DA:47,0
DA:48,0
DA:49,0
DA:51,2
DA:55,3
DA:57,3
DA:58,2
DA:60,2
DA:62,6
DA:63,4
DA:64,4
DA:65,4
DA:67,2
DA:69,2
LF:34
LH:31
end_of_record
SF:lib/domain/entities/contact.dart
DA:2,6
LF:1
LH:1
end_of_record
SF:lib/presentation/pages/home/home_screen.dart
DA:14,1
DA:16,1
DA:18,2
DA:20,1
DA:21,1
DA:25,1
DA:27,1
DA:28,1
DA:33,1
DA:34,0
DA:35,0
DA:36,0
DA:45,1
DA:46,1
DA:47,1
DA:48,0
DA:49,0
DA:50,0
DA:51,0
DA:54,0
DA:55,0
DA:56,0
DA:57,0
DA:58,0
DA:59,0
DA:60,0
DA:61,0
DA:62,0
DA:63,0
DA:68,0
DA:69,0
DA:71,0
DA:72,0
DA:73,0
DA:74,0
DA:78,0
DA:80,0
DA:81,0
DA:83,0
DA:84,0
DA:85,0
DA:87,0
DA:88,0
DA:108,0
DA:110,0
DA:112,0
DA:115,0
DA:116,0
DA:117,0
DA:120,0
DA:121,0
DA:122,0
DA:123,0
DA:124,0
DA:125,0
LF:55
LH:12
end_of_record
SF:lib/domain/use_cases/add_contact_use_case.dart
DA:5,2
DA:11,1
DA:12,2
LF:3
LH:3
end_of_record
SF:lib/domain/use_cases/delete_contact_use_case.dart
DA:5,2
DA:11,1
DA:12,2
LF:3
LH:3
end_of_record
SF:lib/domain/use_cases/get_contacts_use_case.dart
DA:5,2
DA:11,2
DA:12,4
LF:3
LH:3
end_of_record
SF:lib/presentation/pages/home/card_information.dart
DA:7,0
DA:18,0
DA:20,0
DA:26,0
DA:30,0
DA:32,0
DA:33,0
DA:36,0
DA:41,0
DA:42,0
DA:43,0
DA:45,0
DA:46,0
DA:47,0
DA:58,0
DA:59,0
DA:61,0
DA:62,0
DA:63,0
DA:67,0
DA:68,0
LF:21
LH:0
end_of_record
SF:lib/presentation/widgets/text_widget.dart
DA:4,7
DA:13,3
DA:15,3
DA:16,3
DA:17,6
LF:5
LH:5
end_of_record
SF:lib/presentation/providers/contacts_provider.dart
DA:9,8
DA:10,2
DA:13,4
DA:14,4
DA:15,4
DA:16,2
DA:17,2
DA:18,2
DA:19,2
LF:9
LH:9
end_of_record
SF:lib/utils/string_constants.dart
DA:24,0
LF:1
LH:0
end_of_record
SF:lib/presentation/providers/contacts_notifier.dart
DA:8,2
DA:12,2
DA:13,2
DA:20,2
DA:21,2
DA:23,4
DA:24,2
DA:26,0
DA:30,1
DA:31,2
DA:34,1
DA:35,2
DA:36,1
LF:13
LH:12
end_of_record
SF:lib/presentation/pages/form/form_screen.dart
DA:12,1
DA:14,1
DA:15,1
DA:25,1
DA:27,2
DA:28,2
DA:29,1
DA:32,0
DA:33,0
DA:34,0
DA:36,0
DA:37,0
DA:42,0
DA:43,0
DA:48,0
DA:49,0
DA:51,0
DA:54,0
DA:56,0
DA:57,0
DA:58,0
DA:59,0
DA:61,0
DA:65,0
DA:66,0
DA:67,0
DA:68,0
DA:69,0
DA:70,0
DA:71,0
DA:72,0
DA:73,0
DA:81,0
DA:86,0
DA:88,0
DA:89,0
DA:90,0
DA:91,0
DA:93,0
DA:95,0
DA:97,0
DA:105,0
DA:108,0
DA:115,0
DA:116,0
DA:117,0
DA:118,0
DA:119,0
DA:120,0
DA:121,0
DA:123,0
DA:124,0
DA:126,0
DA:129,0
DA:147,1
DA:149,1
DA:150,1
DA:156,1
DA:158,1
DA:159,1
DA:160,1
DA:161,1
DA:162,0
DA:163,0
DA:164,0
DA:165,0
DA:167,0
DA:170,0
DA:171,0
DA:172,0
DA:177,1
DA:180,2
DA:185,0
DA:186,0
DA:187,0
DA:189,0
DA:190,0
DA:191,0
DA:201,1
DA:202,1
DA:203,1
DA:205,1
DA:207,1
DA:212,1
DA:213,1
DA:214,1
DA:216,1
DA:217,1
DA:219,1
DA:221,1
DA:223,1
DA:228,1
DA:229,1
LF:93
LH:32
end_of_record
SF:lib/presentation/pages/detail/detail_screen.dart
DA:10,1
DA:17,1
DA:19,1
DA:20,1
DA:24,1
DA:25,1
DA:26,1
DA:27,1
DA:30,3
DA:35,0
DA:36,0
DA:37,0
DA:39,0
DA:40,0
DA:41,0
DA:52,1
DA:53,2
DA:59,1
DA:61,1
DA:62,1
DA:63,0
DA:64,0
DA:65,0
DA:69,1
DA:70,1
DA:71,1
DA:72,2
LF:27
LH:18
end_of_record
